c:\users\19123\documents\github\ufn_computacaografica\cpp_opengl\ufn_cg_opengl\debug\vc142.pdb
c:\users\19123\documents\github\ufn_computacaografica\cpp_opengl\ufn_cg_opengl\debug\vc142.idb
c:\users\19123\documents\github\ufn_computacaografica\cpp_opengl\ufn_cg_opengl\debug\vertexbuffer.obj
c:\users\19123\documents\github\ufn_computacaografica\cpp_opengl\ufn_cg_opengl\debug\vertexarray.obj
c:\users\19123\documents\github\ufn_computacaografica\cpp_opengl\ufn_cg_opengl\debug\stb_image.obj
c:\users\19123\documents\github\ufn_computacaografica\cpp_opengl\ufn_cg_opengl\debug\glm.obj
c:\users\19123\documents\github\ufn_computacaografica\cpp_opengl\ufn_cg_opengl\debug\texture.obj
c:\users\19123\documents\github\ufn_computacaografica\cpp_opengl\ufn_cg_opengl\debug\shader.obj
c:\users\19123\documents\github\ufn_computacaografica\cpp_opengl\ufn_cg_opengl\debug\renderer.obj
c:\users\19123\documents\github\ufn_computacaografica\cpp_opengl\ufn_cg_opengl\debug\indexbuffer.obj
c:\users\19123\documents\github\ufn_computacaografica\cpp_opengl\ufn_cg_opengl\debug\application.obj
c:\users\19123\documents\github\ufn_computacaografica\cpp_opengl\debug\ufn_cg_opengl.exe
c:\users\19123\documents\github\ufn_computacaografica\cpp_opengl\debug\ufn_cg_opengl.ilk
c:\users\19123\documents\github\ufn_computacaografica\cpp_opengl\debug\ufn_cg_opengl.pdb
c:\users\19123\documents\github\ufn_computacaografica\cpp_opengl\ufn_cg_opengl\debug\ufn_cg_opengl.tlog\cl.command.1.tlog
c:\users\19123\documents\github\ufn_computacaografica\cpp_opengl\ufn_cg_opengl\debug\ufn_cg_opengl.tlog\cl.read.1.tlog
c:\users\19123\documents\github\ufn_computacaografica\cpp_opengl\ufn_cg_opengl\debug\ufn_cg_opengl.tlog\cl.write.1.tlog
c:\users\19123\documents\github\ufn_computacaografica\cpp_opengl\ufn_cg_opengl\debug\ufn_cg_opengl.tlog\link.command.1.tlog
c:\users\19123\documents\github\ufn_computacaografica\cpp_opengl\ufn_cg_opengl\debug\ufn_cg_opengl.tlog\link.read.1.tlog
c:\users\19123\documents\github\ufn_computacaografica\cpp_opengl\ufn_cg_opengl\debug\ufn_cg_opengl.tlog\link.write.1.tlog
