  Application.cpp
C:\Users\19123\Documents\GitHub\UFN_ComputacaoGrafica\OpenGL\CPP-VisualStudioProject\UFN_CG_OpenGL\src\Application.cpp(1,10): fatal error C1083: Não é possível abrir arquivo incluir: 'GL/glew.h': No such file or directory
  IndexBuffer.cpp
C:\Users\19123\Documents\GitHub\UFN_ComputacaoGrafica\OpenGL\CPP-VisualStudioProject\UFN_CG_OpenGL\src\Renderer.h(3,10): fatal error C1083: Não é possível abrir arquivo incluir: 'GL/glew.h': No such file or directory
  Renderer.cpp
C:\Users\19123\Documents\GitHub\UFN_ComputacaoGrafica\OpenGL\CPP-VisualStudioProject\UFN_CG_OpenGL\src\Renderer.h(3,10): fatal error C1083: Não é possível abrir arquivo incluir: 'GL/glew.h': No such file or directory
  Shader.cpp
C:\Users\19123\Documents\GitHub\UFN_ComputacaoGrafica\OpenGL\CPP-VisualStudioProject\UFN_CG_OpenGL\src\Shader.h(6,10): fatal error C1083: Não é possível abrir arquivo incluir: 'glm/glm.hpp': No such file or directory
  Texture.cpp
C:\Users\19123\Documents\GitHub\UFN_ComputacaoGrafica\OpenGL\CPP-VisualStudioProject\UFN_CG_OpenGL\src\Renderer.h(3,10): fatal error C1083: Não é possível abrir arquivo incluir: 'GL/glew.h': No such file or directory
  glm.cpp
C:\Users\19123\Documents\GitHub\UFN_ComputacaoGrafica\OpenGL\CPP-VisualStudioProject\UFN_CG_OpenGL\src\Vendor\glm\detail\glm.cpp(7,10): fatal error C1083: Não é possível abrir arquivo incluir: 'glm/gtx/dual_quaternion.hpp': No such file or directory
  imgui.cpp
  imgui_demo.cpp
  imgui_draw.cpp
  imgui_impl_glfw_gl3.cpp
C:\Users\19123\Documents\GitHub\UFN_ComputacaoGrafica\OpenGL\CPP-VisualStudioProject\UFN_CG_OpenGL\src\Vendor\imgui\imgui_impl_glfw_gl3.cpp(44,10): fatal error C1083: Não é possível abrir arquivo incluir: 'GL/glew.h': No such file or directory
  stb_Image.cpp
  VertexArray.cpp
C:\Users\19123\Documents\GitHub\UFN_ComputacaoGrafica\OpenGL\CPP-VisualStudioProject\UFN_CG_OpenGL\src\Renderer.h(3,10): fatal error C1083: Não é possível abrir arquivo incluir: 'GL/glew.h': No such file or directory
  VertexBuffer.cpp
C:\Users\19123\Documents\GitHub\UFN_ComputacaoGrafica\OpenGL\CPP-VisualStudioProject\UFN_CG_OpenGL\src\Renderer.h(3,10): fatal error C1083: Não é possível abrir arquivo incluir: 'GL/glew.h': No such file or directory
